Wed Apr 16 17:48:28 UTC 2025
Thu Apr 17 13:34:05 UTC 2025
Fri Apr 18 13:15:37 UTC 2025
Sat Apr 19 13:02:54 UTC 2025
Sun Apr 20 13:14:08 UTC 2025
Mon Apr 21 13:17:38 UTC 2025
Tue Apr 22 13:35:20 UTC 2025
Wed Apr 23 13:36:35 UTC 2025
Thu Apr 24 13:36:48 UTC 2025
Fri Apr 25 13:33:40 UTC 2025
Sat Apr 26 13:04:19 UTC 2025
Sun Apr 27 13:04:53 UTC 2025
Mon Apr 28 13:50:26 UTC 2025
Tue Apr 29 13:44:31 UTC 2025
Wed Apr 30 13:35:23 UTC 2025
Thu May  1 13:18:12 UTC 2025
Fri May  2 13:34:11 UTC 2025
Sat May  3 13:13:35 UTC 2025
Sun May  4 13:14:23 UTC 2025
Mon May  5 13:36:46 UTC 2025
Tue May  6 13:41:12 UTC 2025
Wed May  7 13:43:08 UTC 2025
Thu May  8 13:35:34 UTC 2025
Fri May  9 13:36:03 UTC 2025
Sat May 10 13:14:15 UTC 2025
Sun May 11 13:13:57 UTC 2025
Mon May 12 13:42:32 UTC 2025
Tue May 13 13:43:25 UTC 2025
